Extracting /system/bin/cluster ...
Extracting /system/bin/cluster_get.sh ...
Extracting /system/bin/cluster_set.sh ...
Extracting /system/bin/dcc ...
Extracting /system/bin/glgps_nvidiaTegra2android ...
Extracting /system/bin/gpslogd ...
Extracting /system/bin/gps_select.sh ...
Extracting /system/bin/hotplug ...
Extracting /system/bin/init_lbh.sh ...
Extracting /system/bin/input_cfboost_init.sh ...
Extracting /system/bin/mount_debugfs.sh ...
Extracting /system/bin/python ...
Extracting /system/bin/set_hwui_params.sh ...
Extracting /system/bin/set_light_sensor_perm.sh ...
Extracting /system/bin/ussr_setup.sh ...
Extracting /system/etc/bluetooth/bdaddr ...
Extracting /system/bin/wifi_loader.sh ...
Extracting /system/bin/wpa_supplicant.sh ...
Extracting /system/etc/enctune.conf ...
Extracting /system/etc/firmware/bcm43241.hcd ...
Extracting /system/etc/firmware/BCM43341A0_001.001.030.0015.0000.hcd ...
Extracting /system/etc/firmware/BCM43341B0_002.001.014.0008.0011.hcd ...
Extracting /system/etc/firmware/bcm4335.hcd ...
Extracting /system/etc/firmware/marvel_p2p.conf ...
Extracting /system/etc/firmware/marvel_wpa.conf ...
Extracting /system/etc/firmware/nvavp_aacdec_ucode.bin ...
Extracting /system/etc/firmware/nvavp_aud_ucode.bin ...
Extracting /system/etc/firmware/nvavp_mp3dec_ucode.bin ...
Extracting /system/etc/firmware/nvavp_os_0ff00000.bin ...
Extracting /system/etc/firmware/nvavp_os_8ff00000.bin ...
Extracting /system/etc/firmware/nvavp_os_eff00000.bin ...
Extracting /system/etc/firmware/nvavp_os_f7e00000.bin ...
Extracting /system/etc/firmware/nvavp_vid_ucode_alt.bin ...
Extracting /system/etc/firmware/tegra12x/fecs.bin ...
Extracting /system/etc/firmware/tegra12x/gpccs.bin ...
Extracting /system/etc/firmware/tegra12x/gpmu_ucode.bin ...
Extracting /system/etc/firmware/tegra12x/NETB_img.bin ...
Extracting /system/etc/firmware/tegra12x/nvhost_msenc031.fw ...
Extracting /system/etc/firmware/tegra12x/nvhost_tsec.fw ...
Extracting /system/etc/firmware/tegra12x/vic03_ucode.bin ...
Extracting /system/etc/firmware/tegra_xusb_firmware ...
Extracting /system/etc/hdcpsrm/hdcp1x.srm ...
Extracting /system/etc/hdcpsrm/hdcp2x.srm ...
Extracting /system/etc/hdcpsrm/hdcp2xtest.srm ...
Extracting /system/etc/ussrd.conf ...
Extracting /system/lib/egl/libEGL_tegra.so ...
Extracting /system/lib/egl/libGLESv1_CM_tegra.so ...
Extracting /system/lib/egl/libGLESv2_tegra.so ...
Extracting /system/lib/hw/audio_policy.tegra.so ...
Extracting /system/lib/hw/audio.primary.tegra.so ...
Extracting /system/lib/hw/gps.brcm.so ...
Extracting /system/lib/hw/keystore.tegra.so ...
Extracting /system/lib/hw/power.tegra.so ...
Extracting /system/lib/hw/sensors.tegra.so ...
Extracting /system/lib/libbt-hci.so ...
Extracting /system/lib/libinvensense_hal.so ...
Extracting /system/lib/libmllite.so ...
Extracting /system/lib/libmplmpu.so ...
Extracting /system/lib/libnvoice.so ...
Extracting /system/lib/libopencv24_tegra.so ...
Extracting /system/lib/libpython2.6.so ...
Extracting /system/lib/libsensors.base.so ...
Extracting /system/lib/libsensors.bmpx80.so ...
Extracting /system/lib/libsensors.iio.lights.so ...
Extracting /system/lib/libsensors.isl29018.so ...
Extracting /system/lib/libsensors.isl29028.so ...
Extracting /system/lib/libsensors.ltr558als.so ...
Extracting /system/lib/libsensors.max44005.so ...
Extracting /system/lib/libsensors.mpl.so ...
Extracting /system/lib/libsensors.nvs_input.so ...
Extracting /system/lib/libtbb.so ...
Extracting /system/lib/nvcms/device.cfg ...
Extracting /system/lib/python2.6/lib-dynload/array.so ...
Extracting /system/lib/python2.6/lib-dynload/binascii.so ...
Extracting /system/lib/python2.6/lib-dynload/cmath.so ...
Extracting /system/lib/python2.6/lib-dynload/_collections.so ...
Extracting /system/lib/python2.6/lib-dynload/datetime.so ...
Extracting /system/lib/python2.6/lib-dynload/fcntl.so ...
Extracting /system/lib/python2.6/lib-dynload/_fileio.so ...
Extracting /system/lib/python2.6/lib-dynload/_functools.so ...
Extracting /system/lib/python2.6/lib-dynload/math.so ...
Extracting /system/lib/python2.6/lib-dynload/_multibytecodec.so ...
Extracting /system/lib/python2.6/lib-dynload/_nvcameratools.so ...
Extracting /system/lib/python2.6/lib-dynload/_nvcamera_v1.so ...
Extracting /system/lib/python2.6/lib-dynload/operator.so ...
Extracting /system/lib/python2.6/lib-dynload/parser.so ...
Extracting /system/lib/python2.6/lib-dynload/_random.so ...
Extracting /system/lib/python2.6/lib-dynload/select.so ...
Extracting /system/lib/python2.6/lib-dynload/_socket.so ...
Extracting /system/lib/python2.6/lib-dynload/strop.so ...
Extracting /system/lib/python2.6/lib-dynload/_struct.so ...
Extracting /system/lib/python2.6/lib-dynload/time.so ...
Extracting /system/lib/python2.6/lib-dynload/unicodedata.so ...
Extracting /system/lib/python2.6/lib-dynload/_weakref.so ...
Extracting /system/vendor/bin/btmacwriter ...
Extracting /system/vendor/bin/FinalTestThresholdManage.ini ...
Extracting /system/vendor/bin/hdcp_test ...
Extracting /system/vendor/bin/nv_hciattach ...
Extracting /system/vendor/bin/pbc ...
Extracting /system/vendor/bin/raydium_selftest ...
Extracting /system/vendor/bin/rm_panel_setting.ini ...
Extracting /system/vendor/bin/rm_test ...
Extracting /system/vendor/bin/rm_ts_server ...
Extracting /system/vendor/bin/tegrastats ...
Extracting /system/vendor/bin/tlk_daemon ...
Extracting /system/vendor/bin/ussrd ...
Extracting /system/vendor/lib/drm/libdrmwvmplugin.so ...
Extracting /system/vendor/lib/hw/camera.tegra.so ...
Extracting /system/vendor/lib/hw/gralloc.tegra.so ...
Extracting /system/vendor/lib/hw/hwcomposer.tegra.so ...
Extracting /system/vendor/lib/hw/ts.default.so ...
Extracting /system/vendor/lib/libardrv_dynamic.so ...
Extracting /system/vendor/lib/libaudioavp.so ...
Extracting /system/vendor/lib/libbt-vendor.so ...
Extracting /system/vendor/lib/libcuda.so ...
Extracting /system/vendor/lib/libdrmdecrypt.so ...
Extracting /system/vendor/lib/libEGL_tegra_impl.so ...
Extracting /system/vendor/lib/libfcamdng.so ...
Extracting /system/vendor/lib/libglcore.so ...
Extracting /system/vendor/lib/libGLESv1_CM_tegra_impl.so ...
Extracting /system/vendor/lib/libGLESv2_tegra_impl.so ...
Extracting /system/vendor/lib/libgov_boot.so ...
Extracting /system/vendor/lib/libgov_camera.so ...
Extracting /system/vendor/lib/libgov_combinator.so ...
Extracting /system/vendor/lib/libgov_force.so ...
Extracting /system/vendor/lib/libgov_generic.so ...
Extracting /system/vendor/lib/libgov_gpucompute.so ...
Extracting /system/vendor/lib/libgov_graphics.so ...
Extracting /system/vendor/lib/libgov_il.so ...
Extracting /system/vendor/lib/libgov_tbc.so ...
Extracting /system/vendor/lib/libjni_nvremoteprotopkg.so ...
Extracting /system/vendor/lib/libjni_nvremote.so ...
Extracting /system/vendor/lib/libjni-nvwfd-sink.so ...
Extracting /system/vendor/lib/libnvapputil.so ...
Extracting /system/vendor/lib/libnvaudiofx.so ...
Extracting /system/vendor/lib/libnvaudioservice.so ...
Extracting /system/vendor/lib/libnvavp.so ...
Extracting /system/vendor/lib/libnvblit.so ...
Extracting /system/vendor/lib/libnvcamerahdr.so ...
Extracting /system/vendor/lib/libnvcamerahdr_v3.so ...
Extracting /system/vendor/lib/libnvcameratools.so ...
Extracting /system/vendor/lib/libnvcam_imageencoder.so ...
Extracting /system/vendor/lib/libnvcapaudioservice.so ...
Extracting /system/vendor/lib/libnvcapclk.so ...
Extracting /system/vendor/lib/libnvcap.so ...
Extracting /system/vendor/lib/libnvcap_video.so ...
Extracting /system/vendor/lib/libnvcms.so ...
Extracting /system/vendor/lib/libnvcontrol_jni.so ...
Extracting /system/vendor/lib/libnvcpl.so ...
Extracting /system/vendor/lib/libnvddk_2d.so ...
Extracting /system/vendor/lib/libnvddk_2d_v2.so ...
Extracting /system/vendor/lib/libnvddk_vic.so ...
Extracting /system/vendor/lib/libnvfusebypass.so ...
Extracting /system/vendor/lib/libnvglsi.so ...
Extracting /system/vendor/lib/libnvgr.so ...
Extracting /system/vendor/lib/libnvhrcv.so ...
Extracting /system/vendor/lib/libnvisp.so ...
Extracting /system/vendor/lib/libnvisp_v3.so ...
Extracting /system/vendor/lib/libnvme_msenc.so ...
Extracting /system/vendor/lib/libnvmm_audio.so ...
Extracting /system/vendor/lib/libnvmm_camera.so ...
Extracting /system/vendor/lib/libnvmm_camera_v3.so ...
Extracting /system/vendor/lib/libnvmm_contentpipe.so ...
Extracting /system/vendor/lib/libnvmmlite_audio.so ...
Extracting /system/vendor/lib/libnvmmlite_image.so ...
Extracting /system/vendor/lib/libnvmmlite.so ...
Extracting /system/vendor/lib/libnvmmlite_utils.so ...
Extracting /system/vendor/lib/libnvmmlite_video.so ...
Extracting /system/vendor/lib/libnvmm_parser.so ...
Extracting /system/vendor/lib/libnvmm.so ...
Extracting /system/vendor/lib/libnvmm_utils.so ...
Extracting /system/vendor/lib/libnvmm_writer.so ...
Extracting /system/vendor/lib/libnvobjecttracking.so ...
Extracting /system/vendor/lib/libnvodm_imager.so ...
Extracting /system/vendor/lib/libnvodm_query.so ...
Extracting /system/vendor/lib/libnvomxadaptor.so ...
Extracting /system/vendor/lib/libnvomxilclient.so ...
Extracting /system/vendor/lib/libnvomx.so ...
Extracting /system/vendor/lib/libnvos.so ...
Extracting /system/vendor/lib/libnvparser.so ...
Extracting /system/vendor/lib/libnvremoteevtmgr.so ...
Extracting /system/vendor/lib/libnvremotell.so ...
Extracting /system/vendor/lib/libnvremoteprotocol.so ...
Extracting /system/vendor/lib/libnvrmapi_tegra.so ...
Extracting /system/vendor/lib/libnvrm_graphics.so ...
Extracting /system/vendor/lib/libnvrm.so ...
Extracting /system/vendor/lib/libnvsm.so ...
Extracting /system/vendor/lib/libnvstitching.so ...
Extracting /system/vendor/lib/libnvtestio.so ...
Extracting /system/vendor/lib/libnvtestresults.so ...
Extracting /system/vendor/lib/libnvtnr.so ...
Extracting /system/vendor/lib/libnvtvmr.so ...
Extracting /system/vendor/lib/libnvvicsi.so ...
Extracting /system/vendor/lib/libnvvicsi_v3.so ...
Extracting /system/vendor/lib/libnvwinsys.so ...
Extracting /system/vendor/lib/libnvwsi.so ...
Extracting /system/vendor/lib/liboemcrypto.so ...
Extracting /system/vendor/lib/libphs.so ...
Extracting /system/vendor/lib/librm31080.so ...
Extracting /system/vendor/lib/librm_ts_service.so ...
Extracting /system/vendor/lib/libstagefrighthw.so ...
Extracting /system/vendor/lib/libtlk_secure_hdcp_up.so ...
Extracting /system/vendor/lib/libtsechdcp.so ...
Extracting /system/vendor/lib/libtsec_wrapper.so ...
Extracting /system/vendor/lib/libussrd.so ...
Extracting /system/vendor/lib/libwfd_common.so ...
Extracting /system/vendor/lib/libwfd_sink.so ...
Extracting /system/vendor/lib/libwfd_source.so ...
Extracting /system/vendor/lib/libwvm.so ...
Extracting /system/vendor/lib/para_10_02_00_20.so ...
Extracting /system/vendor/lib/para_10_02_00_a0.so ...
Extracting /system/vendor/lib/para_10_02_00_b0.so ...
Extracting /system/vendor/lib/para_10_03_00_20.so ...
Extracting /system/vendor/lib/para_10_03_00_a0.so ...
Extracting /system/vendor/lib/para_10_03_00_b0.so ...
Extracting /system/vendor/lib/para_10_04_00_b0.so ...
Extracting /system/vendor/lib/para_10_04_00_c0.so ...
Extracting /system/vendor/lib/para_10_05_00_c0.so ...
Extracting /system/vendor/lib/para_10_06_00_b0.so ...
Extracting /system/vendor/lib/para_10_07_00_b0.so ...
Extracting /system/vendor/lib/para_10_08_00_20.so ...
Extracting /system/vendor/lib/para_10_08_00_a0.so ...
Extracting /system/vendor/lib/para_10_08_00_b0.so ...
Extracting /system/vendor/lib/para_10_09_00_c0.so ...
Extracting /system/vendor/lib/para_10_09_01_c0.so ...
Extracting /system/vendor/lib/para_10_09_02_c0.so ...
Extracting /system/vendor/lib/para_10_0a_00_b0.so ...
Extracting /system/vendor/lib/para_10_0b_00_a0.so ...
Extracting /system/etc/firmware/nvavp_aud_ucode.bin ...
Extracting /system/etc/firmware/nvavp_vid_ucode_alt.bin ...
Extracting /system/etc/firmware/nvavp_os_f7e00000.bin ...
Extracting /system/etc/firmware/nvavp_os_0ff00000.bin ...
Extracting /system/etc/firmware/nvavp_os_eff00000.bin ...
Extracting /system/etc/firmware/nvavp_os_8ff00000.bin ...
Extracting /system/bin/raydium_selftest ...
Extracting /system/bin/rm_test ...
Extracting /system/lib/hw/camera.tegra.so ...
Extracting /system/lib/hw/ts.default.so ...
Extracting /system/lib/librm31080.so ...
Extracting /system/lib/librm_ts_service.so ...
Extracting /system/lib/para_10_02_00_20.so ...
Extracting /system/lib/para_10_02_00_a0.so ...
Extracting /system/lib/para_10_02_00_b0.so ...
Extracting /system/lib/para_10_03_00_20.so ...
Extracting /system/lib/para_10_03_00_a0.so ...
Extracting /system/lib/para_10_03_00_b0.so ...
Extracting /system/lib/para_10_04_00_b0.so ...
Extracting /system/lib/para_10_04_00_c0.so ...
Extracting /system/lib/para_10_05_00_c0.so ...
Extracting /system/lib/para_10_06_00_b0.so ...
Extracting /system/lib/para_10_07_00_b0.so ...
Extracting /system/lib/para_10_08_00_20.so ...
Extracting /system/lib/para_10_08_00_a0.so ...
Extracting /system/lib/para_10_08_00_b0.so ...
Extracting /system/lib/para_10_09_00_c0.so ...
Extracting /system/lib/para_10_09_01_c0.so ...
Extracting /system/lib/para_10_09_02_c0.so ...
Extracting /system/lib/para_10_0a_00_b0.so ...
Extracting /system/lib/para_10_0b_00_a0.so ...
